Using pre-set license
Built from '2021.1/staging' branch; Version is '2021.1.14f1 (51d2f824827f) revision 5362424'; Using compiler version '192528614'; Build Type 'Release'
OS: 'Windows 10 Pro; OS build 19045.3448; Version 2009; 64bit' Language: 'en' Physical Memory: 16151 MB
BatchMode: 1, IsHumanControllingUs: 0, StartBugReporterOnCrash: 0, Is64bit: 1, IsPro: 0

 COMMAND LINE ARGUMENTS:
C:\Program Files\Unity\Hub\Editor\2021.1.14f1\Editor\Unity.exe
-adb2
-batchMode
-noUpm
-name
AssetImportWorker0
-projectPath
C:/Users/Avshalom/github/autonm car
-logFile
Logs/AssetImportWorker0.log
-srvPort
62940
Successfully changed project path to: C:/Users/Avshalom/github/autonm car
C:/Users/Avshalom/github/autonm car
Using Asset Import Pipeline V2.
Refreshing native plugins compatible for Editor in 121.51 ms, found 3 plugins.
Preloading 0 native plugins for Editor in 0.00 ms.
Initialize engine version: 2021.1.14f1 (51d2f824827f)
[Subsystems] Discovering subsystems at path C:/Program Files/Unity/Hub/Editor/2021.1.14f1/Editor/Data/Resources/UnitySubsystems
[Subsystems] Discovering subsystems at path C:/Users/Avshalom/github/autonm car/Assets
GfxDevice: creating device client; threaded=0; jobified=0
Direct3D:
    Version:  Direct3D 11.0 [level 11.1]
    Renderer: Intel(R) UHD Graphics (ID=0x9bc4)
    Vendor:   Intel
    VRAM:     8075 MB
    Driver:   27.20.100.8935
Initialize mono
Mono path[0] = 'C:/Program Files/Unity/Hub/Editor/2021.1.14f1/Editor/Data/Managed'
Mono path[1] = 'C:/Program Files/Unity/Hub/Editor/2021.1.14f1/Editor/Data/MonoBleedingEdge/lib/mono/unityjit'
Mono config path = 'C:/Program Files/Unity/Hub/Editor/2021.1.14f1/Editor/Data/MonoBleedingEdge/etc'
Using monoOptions --debugger-agent=transport=dt_socket,embedding=1,server=y,suspend=n,address=127.0.0.1:56936
Begin MonoManager ReloadAssembly
Registering precompiled unity dll's ...
Register platform support module: C:/Program Files/Unity/Hub/Editor/2021.1.14f1/Editor/Data/PlaybackEngines/WindowsStandaloneSupport/UnityEditor.WindowsStandalone.Extensions.dll
Registered in 0.002891 seconds.
Native extension for WindowsStandalone target not found
Refreshing native plugins compatible for Editor in 126.42 ms, found 3 plugins.
Preloading 0 native plugins for Editor in 0.00 ms.
Mono: successfully reloaded assembly
- Completed reload, in  2.897 seconds
Domain Reload Profiling:
	ReloadAssembly (2898ms)
		BeginReloadAssembly (78ms)
			ExecutionOrderSort (0ms)
			DisableScriptedObjects (0ms)
			BackupInstance (0ms)
			ReleaseScriptingObjects (0ms)
			CreateAndSetChildDomain (1ms)
		EndReloadAssembly (704ms)
			LoadAssemblies (74ms)
			RebuildTransferFunctionScriptingTraits (0ms)
			SetupTypeCache (250ms)
			ReleaseScriptCaches (0ms)
			RebuildScriptCaches (47ms)
			SetupLoadedEditorAssemblies (337ms)
				LogAssemblyErrors (0ms)
				InitializePlatformSupportModulesInManaged (9ms)
				SetLoadedEditorAssemblies (0ms)
				RefreshPlugins (127ms)
				BeforeProcessingInitializeOnLoad (2ms)
				ProcessInitializeOnLoadAttributes (155ms)
				ProcessInitializeOnLoadMethodAttributes (44ms)
				AfterProcessingInitializeOnLoad (0ms)
				EditorAssembliesLoaded (0ms)
			ExecutionOrderSort2 (0ms)
			AwakeInstancesAfterBackupRestoration (0ms)
Platform modules already initialized, skipping
Registering precompiled user dll's ...
Registered in 0.009254 seconds.
Begin MonoManager ReloadAssembly
Symbol file LoadedFromMemory doesn't match image C:\Users\Avshalom\github\autonm car\Library\PackageCache\com.unity.visualscripting@1.6.1\Editor\VisualScripting.Core\Dependencies\YamlDotNet\Unity.VisualScripting.YamlDotNet.dll
Symbol file LoadedFromMemory doesn't match image C:\Users\Avshalom\github\autonm car\Library\PackageCache\com.unity.visualscripting@1.6.1\Editor\VisualScripting.Core\Dependencies\DotNetZip\Unity.VisualScripting.IonicZip.dll
Native extension for WindowsStandalone target not found
Refreshing native plugins compatible for Editor in 0.84 ms, found 3 plugins.
Preloading 0 native plugins for Editor in 0.00 ms.
Mono: successfully reloaded assembly
- Completed reload, in  1.855 seconds
Domain Reload Profiling:
	ReloadAssembly (1856ms)
		BeginReloadAssembly (217ms)
			ExecutionOrderSort (0ms)
			DisableScriptedObjects (7ms)
			BackupInstance (0ms)
			ReleaseScriptingObjects (0ms)
			CreateAndSetChildDomain (24ms)
		EndReloadAssembly (1550ms)
			LoadAssemblies (136ms)
			RebuildTransferFunctionScriptingTraits (0ms)
			SetupTypeCache (677ms)
			ReleaseScriptCaches (1ms)
			RebuildScriptCaches (64ms)
			SetupLoadedEditorAssemblies (523ms)
				LogAssemblyErrors (0ms)
				InitializePlatformSupportModulesInManaged (9ms)
				SetLoadedEditorAssemblies (1ms)
				RefreshPlugins (1ms)
				BeforeProcessingInitializeOnLoad (111ms)
				ProcessInitializeOnLoadAttributes (375ms)
				ProcessInitializeOnLoadMethodAttributes (11ms)
				AfterProcessingInitializeOnLoad (15ms)
				EditorAssembliesLoaded (1ms)
			ExecutionOrderSort2 (0ms)
			AwakeInstancesAfterBackupRestoration (15ms)
Platform modules already initialized, skipping
========================================================================
Worker process is ready to serve import requests
Launched and connected shader compiler UnityShaderCompiler.exe after 0.08 seconds
Refreshing native plugins compatible for Editor in 1.00 ms, found 3 plugins.
Preloading 0 native plugins for Editor in 0.00 ms.
Unloading 3039 Unused Serialized files (Serialized files now loaded: 0)
System memory in use before: 124.8 MB.
System memory in use after: 77.3 MB.

Unloading 23 unused Assets to reduce memory usage. Loaded Objects now: 3499.
Total: 6.186800 ms (FindLiveObjects: 0.393400 ms CreateObjectMapping: 0.318500 ms MarkObjects: 5.292100 ms  DeleteObjects: 0.180400 ms)

AssetImportParameters requested are different than current active one (requested -> active):
  custom:framework-win-MediaFoundation: 216162199b28c13a410421893ffa2e32 -> 
  custom:video-decoder-ogg-theora: a1e56fd34408186e4bbccfd4996cb3dc -> 
  custom:container-muxer-webm: aa71ff27fc2769a1b78a27578f13a17b -> 
  custom:container-demuxer-webm: 4f35f7cbe854078d1ac9338744f61a02 -> 
  custom:container-demuxer-ogg: 62fdf1f143b41e24485cea50d1cbac27 -> 
  custom:video-encoder-webm-vp8: eb34c28f22e8b96e1ab97ce403110664 -> 
  custom:video-decoder-webm-vp8: 9c59270c3fd7afecdb556c50c9e8de78 -> 
  custom:audio-decoder-ogg-vorbis: bf7c407c2cedff20999df2af8eb42d56 -> 
  custom:audio-encoder-webm-vorbis: bf7c407c2cedff20999df2af8eb42d56 -> 
========================================================================
Received Import Request.
  path: Assets/Barmetler/Road System/Demo
  artifactKey: Guid(07839ac546ab2ef4d88e23278a3d403e) Importer(815301076,1909f56bfc062723c751e8b465ee728b)
Start importing Assets/Barmetler/Road System/Demo using Guid(07839ac546ab2ef4d88e23278a3d403e) Importer(815301076,1909f56bfc062723c751e8b465ee728b)  -> (artifact id: '51ff846a56f5e93687325e361dc09063') in 0.016157 seconds 
========================================================================
Received Import Request.
  Time since last request: 5.401924 seconds.
  path: Assets/Barmetler/Road System/Demo/Models
  artifactKey: Guid(05c474e3e39433e4f8c9c44b7a8081cf) Importer(815301076,1909f56bfc062723c751e8b465ee728b)
Start importing Assets/Barmetler/Road System/Demo/Models using Guid(05c474e3e39433e4f8c9c44b7a8081cf) Importer(815301076,1909f56bfc062723c751e8b465ee728b)  -> (artifact id: 'd1ac98ade90c0ea231ae320f1beb0dc5') in 0.019724 seconds 
========================================================================
Received Import Request.
  Time since last request: 2.843922 seconds.
  path: Assets/Barmetler/Road System/Demo/Prefabs
  artifactKey: Guid(6f3fe6c485e90fc4896ad7ec68695fa4) Importer(815301076,1909f56bfc062723c751e8b465ee728b)
Start importing Assets/Barmetler/Road System/Demo/Prefabs using Guid(6f3fe6c485e90fc4896ad7ec68695fa4) Importer(815301076,1909f56bfc062723c751e8b465ee728b)  -> (artifact id: '3e8755fef5915a28c54bf73754c41bcf') in 0.039248 seconds 
========================================================================
Received Import Request.
  Time since last request: 1.000408 seconds.
  path: Assets/Barmetler/Road System/Demo/Prefabs/Objects
  artifactKey: Guid(2c88cdfaf1466c145b9ea037b862e22a) Importer(815301076,1909f56bfc062723c751e8b465ee728b)
Start importing Assets/Barmetler/Road System/Demo/Prefabs/Objects using Guid(2c88cdfaf1466c145b9ea037b862e22a) Importer(815301076,1909f56bfc062723c751e8b465ee728b)  -> (artifact id: '85c99bb9ff38d9cd75538e32ca10133c') in 0.012927 seconds 
========================================================================
Received Import Request.
  Time since last request: 1.872852 seconds.
  path: Assets/Barmetler/Road System/Demo/Prefabs/Roads
  artifactKey: Guid(c2dd5b9e901f5604b97d6fb3add8e8fe) Importer(815301076,1909f56bfc062723c751e8b465ee728b)
Start importing Assets/Barmetler/Road System/Demo/Prefabs/Roads using Guid(c2dd5b9e901f5604b97d6fb3add8e8fe) Importer(815301076,1909f56bfc062723c751e8b465ee728b)  -> (artifact id: '397f260c37cf1d23a76237c1dcba3c2c') in 0.018302 seconds 
========================================================================
Received Import Request.
  Time since last request: 33.050114 seconds.
  path: Assets/Barmetler/Road System/Demo/Scenes
  artifactKey: Guid(a2c6dcd8c736cbd48a780a9618add553) Importer(815301076,1909f56bfc062723c751e8b465ee728b)
Start importing Assets/Barmetler/Road System/Demo/Scenes using Guid(a2c6dcd8c736cbd48a780a9618add553) Importer(815301076,1909f56bfc062723c751e8b465ee728b)  -> (artifact id: '9580cc78bf329a174bcba9be451cb27a') in 0.039438 seconds 
========================================================================
Received Import Request.
  Time since last request: 0.794510 seconds.
  path: Assets/Barmetler/Road System/Demo/Scenes/Models.unity
  artifactKey: Guid(cbdadb14ab96f8f48b6acdf887d90da1) Importer(815301076,1909f56bfc062723c751e8b465ee728b)
Start importing Assets/Barmetler/Road System/Demo/Scenes/Models.unity using Guid(cbdadb14ab96f8f48b6acdf887d90da1) Importer(815301076,1909f56bfc062723c751e8b465ee728b)  -> (artifact id: 'd2abe91c9e18e00c6d8db971bdb47e27') in 0.058946 seconds 
========================================================================
Received Import Request.
  Time since last request: 2.037519 seconds.
  path: Assets/Barmetler/Road System/Demo/Scenes/ExampleSystem.unity
  artifactKey: Guid(56c3121f2567eef4d8142d0f9fae2b84) Importer(815301076,1909f56bfc062723c751e8b465ee728b)
Start importing Assets/Barmetler/Road System/Demo/Scenes/ExampleSystem.unity using Guid(56c3121f2567eef4d8142d0f9fae2b84) Importer(815301076,1909f56bfc062723c751e8b465ee728b)  -> (artifact id: 'ea147270d5f2791352c12d16d253a4a3') in 0.012488 seconds 
========================================================================
Received Import Request.
  Time since last request: 7.550592 seconds.
  path: Assets/Barmetler/Road System/Demo/Scenes/ExampleSystem
  artifactKey: Guid(5368335bf46d6134fa7a72c6b59b4ac1) Importer(815301076,1909f56bfc062723c751e8b465ee728b)
Start importing Assets/Barmetler/Road System/Demo/Scenes/ExampleSystem using Guid(5368335bf46d6134fa7a72c6b59b4ac1) Importer(815301076,1909f56bfc062723c751e8b465ee728b)  -> (artifact id: '6421440913c8462fca6cdadd61cb2cef') in 0.016102 seconds 
========================================================================
Received Import Request.
  Time since last request: 0.098552 seconds.
  path: Assets/Barmetler/Road System/Demo/Scenes/ExampleSystem/LightingData.asset
  artifactKey: Guid(e717076928bd28e47b63e7a76def1766) Importer(815301076,1909f56bfc062723c751e8b465ee728b)
Start importing Assets/Barmetler/Road System/Demo/Scenes/ExampleSystem/LightingData.asset using Guid(e717076928bd28e47b63e7a76def1766) Importer(815301076,1909f56bfc062723c751e8b465ee728b)  -> (artifact id: 'b4b33f7d9e1ecbaf6809302006a50114') in 0.428595 seconds 
========================================================================
Received Import Request.
  Time since last request: 2.532396 seconds.
  path: Assets/Barmetler/Road System/Demo/Scenes/ExampleSystem/New Lighting Settings.lighting
  artifactKey: Guid(f14063bad02e7184eb45e9ead6e1d8c0) Importer(815301076,1909f56bfc062723c751e8b465ee728b)
Start importing Assets/Barmetler/Road System/Demo/Scenes/ExampleSystem/New Lighting Settings.lighting using Guid(f14063bad02e7184eb45e9ead6e1d8c0) Importer(815301076,1909f56bfc062723c751e8b465ee728b)  -> (artifact id: '9eb621bd952f48733e287934163bc51b') in 0.035819 seconds 
========================================================================
Received Import Request.
  Time since last request: 12.125813 seconds.
  path: Assets/TextMesh Pro/Examples & Extras/Resources/Fonts & Materials/Anton SDF.asset
  artifactKey: Guid(8a89fa14b10d46a99122fd4f73fca9a2) Importer(815301076,1909f56bfc062723c751e8b465ee728b)
Start importing Assets/TextMesh Pro/Examples & Extras/Resources/Fonts & Materials/Anton SDF.asset using Guid(8a89fa14b10d46a99122fd4f73fca9a2) Importer(815301076,1909f56bfc062723c751e8b465ee728b)  -> (artifact id: '6663d99ebcb8355e5f123884571cceb0') in 0.441216 seconds 
========================================================================
Received Prepare
Registering precompiled user dll's ...
Registered in 0.010273 seconds.
Begin MonoManager ReloadAssembly
Symbol file LoadedFromMemory doesn't match image C:\Users\Avshalom\github\autonm car\Library\PackageCache\com.unity.visualscripting@1.6.1\Editor\VisualScripting.Core\Dependencies\YamlDotNet\Unity.VisualScripting.YamlDotNet.dll
Symbol file LoadedFromMemory doesn't match image C:\Users\Avshalom\github\autonm car\Library\PackageCache\com.unity.visualscripting@1.6.1\Editor\VisualScripting.Core\Dependencies\DotNetZip\Unity.VisualScripting.IonicZip.dll
Native extension for WindowsStandalone target not found
Refreshing native plugins compatible for Editor in 1.22 ms, found 3 plugins.
Preloading 0 native plugins for Editor in 0.00 ms.
Mono: successfully reloaded assembly
- Completed reload, in  1.899 seconds
Domain Reload Profiling:
	ReloadAssembly (1900ms)
		BeginReloadAssembly (206ms)
			ExecutionOrderSort (0ms)
			DisableScriptedObjects (7ms)
			BackupInstance (0ms)
			ReleaseScriptingObjects (0ms)
			CreateAndSetChildDomain (59ms)
		EndReloadAssembly (1583ms)
			LoadAssemblies (169ms)
			RebuildTransferFunctionScriptingTraits (0ms)
			SetupTypeCache (605ms)
			ReleaseScriptCaches (1ms)
			RebuildScriptCaches (69ms)
			SetupLoadedEditorAssemblies (569ms)
				LogAssemblyErrors (0ms)
				InitializePlatformSupportModulesInManaged (8ms)
				SetLoadedEditorAssemblies (1ms)
				RefreshPlugins (1ms)
				BeforeProcessingInitializeOnLoad (99ms)
				ProcessInitializeOnLoadAttributes (435ms)
				ProcessInitializeOnLoadMethodAttributes (11ms)
				AfterProcessingInitializeOnLoad (13ms)
				EditorAssembliesLoaded (0ms)
			ExecutionOrderSort2 (0ms)
			AwakeInstancesAfterBackupRestoration (21ms)
Platform modules already initialized, skipping
Refreshing native plugins compatible for Editor in 0.90 ms, found 3 plugins.
Preloading 0 native plugins for Editor in 0.00 ms.
Unloading 3022 Unused Serialized files (Serialized files now loaded: 0)
System memory in use before: 128.0 MB.
System memory in use after: 128.2 MB.

Unloading 18 unused Assets to reduce memory usage. Loaded Objects now: 3560.
Total: 3.603600 ms (FindLiveObjects: 0.350500 ms CreateObjectMapping: 0.289000 ms MarkObjects: 2.849400 ms  DeleteObjects: 0.112900 ms)

AssetImportParameters requested are different than current active one (requested -> active):
  custom:framework-win-MediaFoundation: 216162199b28c13a410421893ffa2e32 -> 
  custom:video-decoder-ogg-theora: a1e56fd34408186e4bbccfd4996cb3dc -> 
  custom:container-muxer-webm: aa71ff27fc2769a1b78a27578f13a17b -> 
  custom:container-demuxer-webm: 4f35f7cbe854078d1ac9338744f61a02 -> 
  custom:container-demuxer-ogg: 62fdf1f143b41e24485cea50d1cbac27 -> 
  custom:video-encoder-webm-vp8: eb34c28f22e8b96e1ab97ce403110664 -> 
  custom:video-decoder-webm-vp8: 9c59270c3fd7afecdb556c50c9e8de78 -> 
  custom:audio-decoder-ogg-vorbis: bf7c407c2cedff20999df2af8eb42d56 -> 
  custom:audio-encoder-webm-vorbis: bf7c407c2cedff20999df2af8eb42d56 -> 
========================================================================
Received Import Request.
  Time since last request: 40.584723 seconds.
  path: Assets/Barmetler/Road System/Demo/Textures
  artifactKey: Guid(0ff93e654a91f0146806568c33f73cf2) Importer(815301076,1909f56bfc062723c751e8b465ee728b)
Start importing Assets/Barmetler/Road System/Demo/Textures using Guid(0ff93e654a91f0146806568c33f73cf2) Importer(815301076,1909f56bfc062723c751e8b465ee728b)  -> (artifact id: '53c0aedbdf830422114bcc1e8dd8642f') in 0.026134 seconds 
========================================================================
Received Import Request.
  Time since last request: 0.040345 seconds.
  path: Assets/Barmetler/Road System/Demo/Textures/Concrete031_1K_Color.png
  artifactKey: Guid(d40dc52a0b554174bac423ad819f1a12) Importer(815301076,1909f56bfc062723c751e8b465ee728b)
Start importing Assets/Barmetler/Road System/Demo/Textures/Concrete031_1K_Color.png using Guid(d40dc52a0b554174bac423ad819f1a12) Importer(815301076,1909f56bfc062723c751e8b465ee728b)  -> (artifact id: 'fc9f10f8f4f51ac2553d6269e7ae0721') in 0.116632 seconds 
========================================================================
Received Import Request.
  Time since last request: 0.000400 seconds.
  path: Assets/Barmetler/Road System/Demo/Textures/PavingStones081_1K_Displacement.png
  artifactKey: Guid(baf45e6bccc874f4684f74cf8bb25201) Importer(815301076,1909f56bfc062723c751e8b465ee728b)
Start importing Assets/Barmetler/Road System/Demo/Textures/PavingStones081_1K_Displacement.png using Guid(baf45e6bccc874f4684f74cf8bb25201) Importer(815301076,1909f56bfc062723c751e8b465ee728b)  -> (artifact id: '05155a5a86f0bedec53f46f02dd68223') in 0.020333 seconds 
========================================================================
Received Import Request.
  Time since last request: 0.000461 seconds.
  path: Assets/Barmetler/Road System/Demo/Textures/PavingStones081_1K_Metallic_Smoothness.png
  artifactKey: Guid(f10a26d5bb96c034bb96e5a609bbc9b5) Importer(815301076,1909f56bfc062723c751e8b465ee728b)
Start importing Assets/Barmetler/Road System/Demo/Textures/PavingStones081_1K_Metallic_Smoothness.png using Guid(f10a26d5bb96c034bb96e5a609bbc9b5) Importer(815301076,1909f56bfc062723c751e8b465ee728b)  -> (artifact id: '05b9b580ac5e1652878a6713b1fc0420') in 0.020426 seconds 
========================================================================
Received Import Request.
  Time since last request: 0.000473 seconds.
  path: Assets/Barmetler/Road System/Demo/Textures/PavingStones081_1K_Color.png
  artifactKey: Guid(f56148b93ddb36b449f2b96d0589dc7e) Importer(815301076,1909f56bfc062723c751e8b465ee728b)
Start importing Assets/Barmetler/Road System/Demo/Textures/PavingStones081_1K_Color.png using Guid(f56148b93ddb36b449f2b96d0589dc7e) Importer(815301076,1909f56bfc062723c751e8b465ee728b)  -> (artifact id: '3d9ddc290ac602444b69bb2c5801c358') in 0.021562 seconds 
========================================================================
Received Import Request.
  Time since last request: 0.000515 seconds.
  path: Assets/Barmetler/Road System/Demo/Textures/PavingStones081_1K_Normal.png
  artifactKey: Guid(270992011df7de341863c7bbcec2b9d2) Importer(815301076,1909f56bfc062723c751e8b465ee728b)
Start importing Assets/Barmetler/Road System/Demo/Textures/PavingStones081_1K_Normal.png using Guid(270992011df7de341863c7bbcec2b9d2) Importer(815301076,1909f56bfc062723c751e8b465ee728b)  -> (artifact id: 'cf26ad9516e4a85fef5438c0fc08f53a') in 0.028263 seconds 
========================================================================
Received Import Request.
  Time since last request: 0.000410 seconds.
  path: Assets/Barmetler/Road System/Demo/Textures/PavingStones081_1K_Roughness.png
  artifactKey: Guid(f9fe2d9eb2cb1dd4faf463090831b977) Importer(815301076,1909f56bfc062723c751e8b465ee728b)
Start importing Assets/Barmetler/Road System/Demo/Textures/PavingStones081_1K_Roughness.png using Guid(f9fe2d9eb2cb1dd4faf463090831b977) Importer(815301076,1909f56bfc062723c751e8b465ee728b)  -> (artifact id: 'de80d9f9a68c5803504cdbc58b2bb32e') in 0.020067 seconds 
========================================================================
Received Import Request.
  Time since last request: 0.000427 seconds.
  path: Assets/Barmetler/Road System/Demo/Textures/Road007_1K_Roughness.png
  artifactKey: Guid(6be347e0be7382440bc9905c13482208) Importer(815301076,1909f56bfc062723c751e8b465ee728b)
Start importing Assets/Barmetler/Road System/Demo/Textures/Road007_1K_Roughness.png using Guid(6be347e0be7382440bc9905c13482208) Importer(815301076,1909f56bfc062723c751e8b465ee728b)  -> (artifact id: '2c6a4c76b57269b6cdae2cdd43e47c46') in 0.020413 seconds 
========================================================================
Received Import Request.
  Time since last request: 0.000401 seconds.
  path: Assets/Barmetler/Road System/Demo/Textures/Road007_1K_Color.png
  artifactKey: Guid(c40c592ae3c7fe440be5f5bfbf59f1fd) Importer(815301076,1909f56bfc062723c751e8b465ee728b)
Start importing Assets/Barmetler/Road System/Demo/Textures/Road007_1K_Color.png using Guid(c40c592ae3c7fe440be5f5bfbf59f1fd) Importer(815301076,1909f56bfc062723c751e8b465ee728b)  -> (artifact id: 'c568b2b0bd810e762bab995b2fb092d0') in 0.026107 seconds 
========================================================================
Received Import Request.
  Time since last request: 0.000897 seconds.
  path: Assets/Barmetler/Road System/Demo/Textures/RS_Debug.png
  artifactKey: Guid(f1f43af4ee0ef4d4a926a9ac91c66de7) Importer(815301076,1909f56bfc062723c751e8b465ee728b)
Start importing Assets/Barmetler/Road System/Demo/Textures/RS_Debug.png using Guid(f1f43af4ee0ef4d4a926a9ac91c66de7) Importer(815301076,1909f56bfc062723c751e8b465ee728b)  -> (artifact id: '1308168a551b4021164c833579d04daa') in 0.021874 seconds 
========================================================================
Received Import Request.
  Time since last request: 0.000550 seconds.
  path: Assets/Barmetler/Road System/Demo/Textures/Concrete031_1K_Roughness.png
  artifactKey: Guid(5f62c64612acc4f439dda8c2e109fcc3) Importer(815301076,1909f56bfc062723c751e8b465ee728b)
Start importing Assets/Barmetler/Road System/Demo/Textures/Concrete031_1K_Roughness.png using Guid(5f62c64612acc4f439dda8c2e109fcc3) Importer(815301076,1909f56bfc062723c751e8b465ee728b)  -> (artifact id: '5a13e6537758411e3dfca1c849bcfbfd') in 0.023620 seconds 
========================================================================
Received Import Request.
  Time since last request: 0.000450 seconds.
  path: Assets/Barmetler/Road System/Demo/Textures/Road007_1K_Displacement.png
  artifactKey: Guid(2f96f8ea67101a24587b0e4a6e5f0a0b) Importer(815301076,1909f56bfc062723c751e8b465ee728b)
Start importing Assets/Barmetler/Road System/Demo/Textures/Road007_1K_Displacement.png using Guid(2f96f8ea67101a24587b0e4a6e5f0a0b) Importer(815301076,1909f56bfc062723c751e8b465ee728b)  -> (artifact id: '7e75acff97205bc985b98eec371d59e1') in 0.024317 seconds 
========================================================================
Received Import Request.
  Time since last request: 0.000418 seconds.
  path: Assets/Barmetler/Road System/Demo/Textures/Concrete031_1K_Normal.png
  artifactKey: Guid(3649bcf9143ad0b47a5c4b25ee0f9df3) Importer(815301076,1909f56bfc062723c751e8b465ee728b)
Start importing Assets/Barmetler/Road System/Demo/Textures/Concrete031_1K_Normal.png using Guid(3649bcf9143ad0b47a5c4b25ee0f9df3) Importer(815301076,1909f56bfc062723c751e8b465ee728b)  -> (artifact id: 'b1be8c541a9733c4586f0143e0820d08') in 0.024443 seconds 
========================================================================
Received Import Request.
  Time since last request: 0.000587 seconds.
  path: Assets/Barmetler/Road System/Demo/Textures/Concrete031_1K_Metallic_Smoothness.png
  artifactKey: Guid(0d2584d597d5eee4c8a3e3ba899e19ae) Importer(815301076,1909f56bfc062723c751e8b465ee728b)
Start importing Assets/Barmetler/Road System/Demo/Textures/Concrete031_1K_Metallic_Smoothness.png using Guid(0d2584d597d5eee4c8a3e3ba899e19ae) Importer(815301076,1909f56bfc062723c751e8b465ee728b)  -> (artifact id: '612563a7f1afbd8140c46eb9d5392296') in 0.021860 seconds 
========================================================================
Received Import Request.
  Time since last request: 0.000670 seconds.
  path: Assets/Barmetler/Road System/Demo/Textures/Road007_1K_Metallic_Smoothness.png
  artifactKey: Guid(95ee1fd3d5377fe4cbec254a36aabb2e) Importer(815301076,1909f56bfc062723c751e8b465ee728b)
Start importing Assets/Barmetler/Road System/Demo/Textures/Road007_1K_Metallic_Smoothness.png using Guid(95ee1fd3d5377fe4cbec254a36aabb2e) Importer(815301076,1909f56bfc062723c751e8b465ee728b)  -> (artifact id: 'c6dfea06ef55067d4f7b45dfb5c26eed') in 0.024691 seconds 
========================================================================
Received Import Request.
  Time since last request: 0.000650 seconds.
  path: Assets/Barmetler/Road System/Demo/Textures/Concrete031_1K_Displacement.png
  artifactKey: Guid(637c78bcb820c7f4da81fa2a5f3a2989) Importer(815301076,1909f56bfc062723c751e8b465ee728b)
Start importing Assets/Barmetler/Road System/Demo/Textures/Concrete031_1K_Displacement.png using Guid(637c78bcb820c7f4da81fa2a5f3a2989) Importer(815301076,1909f56bfc062723c751e8b465ee728b)  -> (artifact id: 'd00edf7d09f5a53334eb3b9650967320') in 0.042119 seconds 
========================================================================
Received Import Request.
  Time since last request: 0.000459 seconds.
  path: Assets/Barmetler/Road System/Demo/Textures/Road007_1K_Normal.png
  artifactKey: Guid(03da1f8fe165f1d47affe49bfd327e69) Importer(815301076,1909f56bfc062723c751e8b465ee728b)
Start importing Assets/Barmetler/Road System/Demo/Textures/Road007_1K_Normal.png using Guid(03da1f8fe165f1d47affe49bfd327e69) Importer(815301076,1909f56bfc062723c751e8b465ee728b)  -> (artifact id: '8b801f39764c7c40f0d59a7331376854') in 0.028007 seconds 
========================================================================
Received Import Request.
  Time since last request: 43.275047 seconds.
  path: Assets/Marcos Schultz/MS Sposts Car
  artifactKey: Guid(93edb3541a4acf847bebb8e903a60426) Importer(815301076,1909f56bfc062723c751e8b465ee728b)
Start importing Assets/Marcos Schultz/MS Sposts Car using Guid(93edb3541a4acf847bebb8e903a60426) Importer(815301076,1909f56bfc062723c751e8b465ee728b)  -> (artifact id: 'f7d2955aa916b568802cbc1c76f8c4f8') in 0.029479 seconds 
========================================================================
Received Import Request.
  Time since last request: 0.996513 seconds.
  path: Assets/Marcos Schultz/MS Sposts Car/3D Model
  artifactKey: Guid(29bc8a01060f38b429100958c0466515) Importer(815301076,1909f56bfc062723c751e8b465ee728b)
Start importing Assets/Marcos Schultz/MS Sposts Car/3D Model using Guid(29bc8a01060f38b429100958c0466515) Importer(815301076,1909f56bfc062723c751e8b465ee728b)  -> (artifact id: 'a20aef5c462e074cebd2ff606283404a') in 0.015562 seconds 
========================================================================
Received Prepare
Registering precompiled user dll's ...
Registered in 0.012760 seconds.
Begin MonoManager ReloadAssembly
Symbol file LoadedFromMemory doesn't match image C:\Users\Avshalom\github\autonm car\Library\PackageCache\com.unity.visualscripting@1.6.1\Editor\VisualScripting.Core\Dependencies\YamlDotNet\Unity.VisualScripting.YamlDotNet.dll
Symbol file LoadedFromMemory doesn't match image C:\Users\Avshalom\github\autonm car\Library\PackageCache\com.unity.visualscripting@1.6.1\Editor\VisualScripting.Core\Dependencies\DotNetZip\Unity.VisualScripting.IonicZip.dll
Native extension for WindowsStandalone target not found
Refreshing native plugins compatible for Editor in 0.97 ms, found 3 plugins.
Preloading 0 native plugins for Editor in 0.00 ms.
Mono: successfully reloaded assembly
- Completed reload, in  2.443 seconds
Domain Reload Profiling:
	ReloadAssembly (2444ms)
		BeginReloadAssembly (229ms)
			ExecutionOrderSort (0ms)
			DisableScriptedObjects (9ms)
			BackupInstance (0ms)
			ReleaseScriptingObjects (0ms)
			CreateAndSetChildDomain (65ms)
		EndReloadAssembly (2085ms)
			LoadAssemblies (190ms)
			RebuildTransferFunctionScriptingTraits (0ms)
			SetupTypeCache (763ms)
			ReleaseScriptCaches (2ms)
			RebuildScriptCaches (101ms)
			SetupLoadedEditorAssemblies (669ms)
				LogAssemblyErrors (0ms)
				InitializePlatformSupportModulesInManaged (20ms)
				SetLoadedEditorAssemblies (1ms)
				RefreshPlugins (1ms)
				BeforeProcessingInitializeOnLoad (129ms)
				ProcessInitializeOnLoadAttributes (493ms)
				ProcessInitializeOnLoadMethodAttributes (10ms)
				AfterProcessingInitializeOnLoad (14ms)
				EditorAssembliesLoaded (0ms)
			ExecutionOrderSort2 (0ms)
			AwakeInstancesAfterBackupRestoration (34ms)
Platform modules already initialized, skipping
Refreshing native plugins compatible for Editor in 1.15 ms, found 3 plugins.
Preloading 0 native plugins for Editor in 0.00 ms.
Unloading 3035 Unused Serialized files (Serialized files now loaded: 0)
System memory in use before: 149.0 MB.
System memory in use after: 149.2 MB.

Unloading 20 unused Assets to reduce memory usage. Loaded Objects now: 3804.
Total: 5.313800 ms (FindLiveObjects: 0.685400 ms CreateObjectMapping: 0.723700 ms MarkObjects: 3.783400 ms  DeleteObjects: 0.119000 ms)

AssetImportParameters requested are different than current active one (requested -> active):
  custom:framework-win-MediaFoundation: 216162199b28c13a410421893ffa2e32 -> 
  custom:video-decoder-ogg-theora: a1e56fd34408186e4bbccfd4996cb3dc -> 
  custom:container-muxer-webm: aa71ff27fc2769a1b78a27578f13a17b -> 
  custom:container-demuxer-webm: 4f35f7cbe854078d1ac9338744f61a02 -> 
  custom:container-demuxer-ogg: 62fdf1f143b41e24485cea50d1cbac27 -> 
  custom:video-encoder-webm-vp8: eb34c28f22e8b96e1ab97ce403110664 -> 
  custom:video-decoder-webm-vp8: 9c59270c3fd7afecdb556c50c9e8de78 -> 
  custom:audio-decoder-ogg-vorbis: bf7c407c2cedff20999df2af8eb42d56 -> 
  custom:audio-encoder-webm-vorbis: bf7c407c2cedff20999df2af8eb42d56 -> 
========================================================================
Received Prepare
Registering precompiled user dll's ...
Registered in 0.012738 seconds.
Begin MonoManager ReloadAssembly
Symbol file LoadedFromMemory doesn't match image C:\Users\Avshalom\github\autonm car\Library\PackageCache\com.unity.visualscripting@1.6.1\Editor\VisualScripting.Core\Dependencies\YamlDotNet\Unity.VisualScripting.YamlDotNet.dll
Symbol file LoadedFromMemory doesn't match image C:\Users\Avshalom\github\autonm car\Library\PackageCache\com.unity.visualscripting@1.6.1\Editor\VisualScripting.Core\Dependencies\DotNetZip\Unity.VisualScripting.IonicZip.dll
Native extension for WindowsStandalone target not found
Refreshing native plugins compatible for Editor in 0.92 ms, found 3 plugins.
Preloading 0 native plugins for Editor in 0.00 ms.
Mono: successfully reloaded assembly
- Completed reload, in  2.145 seconds
Domain Reload Profiling:
	ReloadAssembly (2146ms)
		BeginReloadAssembly (265ms)
			ExecutionOrderSort (0ms)
			DisableScriptedObjects (32ms)
			BackupInstance (0ms)
			ReleaseScriptingObjects (0ms)
			CreateAndSetChildDomain (63ms)
		EndReloadAssembly (1726ms)
			LoadAssemblies (191ms)
			RebuildTransferFunctionScriptingTraits (0ms)
			SetupTypeCache (718ms)
			ReleaseScriptCaches (3ms)
			RebuildScriptCaches (77ms)
			SetupLoadedEditorAssemblies (539ms)
				LogAssemblyErrors (0ms)
				InitializePlatformSupportModulesInManaged (11ms)
				SetLoadedEditorAssemblies (1ms)
				RefreshPlugins (1ms)
				BeforeProcessingInitializeOnLoad (116ms)
				ProcessInitializeOnLoadAttributes (391ms)
				ProcessInitializeOnLoadMethodAttributes (9ms)
				AfterProcessingInitializeOnLoad (11ms)
				EditorAssembliesLoaded (0ms)
			ExecutionOrderSort2 (0ms)
			AwakeInstancesAfterBackupRestoration (24ms)
Platform modules already initialized, skipping
Refreshing native plugins compatible for Editor in 0.89 ms, found 3 plugins.
Preloading 0 native plugins for Editor in 0.00 ms.
Unloading 3019 Unused Serialized files (Serialized files now loaded: 0)
System memory in use before: 148.5 MB.
System memory in use after: 148.7 MB.

Unloading 18 unused Assets to reduce memory usage. Loaded Objects now: 3807.
Total: 3.986500 ms (FindLiveObjects: 0.340900 ms CreateObjectMapping: 0.226000 ms MarkObjects: 3.324700 ms  DeleteObjects: 0.093400 ms)

AssetImportParameters requested are different than current active one (requested -> active):
  custom:framework-win-MediaFoundation: 216162199b28c13a410421893ffa2e32 -> 
  custom:video-decoder-ogg-theora: a1e56fd34408186e4bbccfd4996cb3dc -> 
  custom:container-muxer-webm: aa71ff27fc2769a1b78a27578f13a17b -> 
  custom:container-demuxer-webm: 4f35f7cbe854078d1ac9338744f61a02 -> 
  custom:container-demuxer-ogg: 62fdf1f143b41e24485cea50d1cbac27 -> 
  custom:video-encoder-webm-vp8: eb34c28f22e8b96e1ab97ce403110664 -> 
  custom:video-decoder-webm-vp8: 9c59270c3fd7afecdb556c50c9e8de78 -> 
  custom:audio-decoder-ogg-vorbis: bf7c407c2cedff20999df2af8eb42d56 -> 
  custom:audio-encoder-webm-vorbis: bf7c407c2cedff20999df2af8eb42d56 -> 
AssetImportWorkerClient::OnTransportError - code=2 error=End of file
